Using pre-set license
Built from '2022.2/staging' branch; Version is '2022.2.5f1 (551d45108343) revision 5578053'; Using compiler version '192829333'; Build Type 'Release'
OS: 'Windows 11  (10.0.22621) 64bit CoreSingleLanguage' Language: 'en' Physical Memory: 7914 MB
BatchMode: 1, IsHumanControllingUs: 0, StartBugReporterOnCrash: 0, Is64bit: 1, IsPro: 1

COMMAND LINE ARGUMENTS:
C:\Program Files\Unity 2022.2.5f1\Editor\Unity.exe
-adb2
-batchMode
-noUpm
-name
AssetImportWorker0
-projectPath
C:/Users/sachi/projects/graphics/uni/COSC44143-Assignment/05
-logFile
Logs/AssetImportWorker0.log
-srvPort
55818
Successfully changed project path to: C:/Users/sachi/projects/graphics/uni/COSC44143-Assignment/05
C:/Users/sachi/projects/graphics/uni/COSC44143-Assignment/05
[UnityMemory] Configuration Parameters - Can be set up in boot.config
    "memorysetup-bucket-allocator-granularity=16"
    "memorysetup-bucket-allocator-bucket-count=8"
    "memorysetup-bucket-allocator-block-size=33554432"
    "memorysetup-bucket-allocator-block-count=8"
    "memorysetup-main-allocator-block-size=16777216"
    "memorysetup-thread-allocator-block-size=16777216"
    "memorysetup-gfx-main-allocator-block-size=16777216"
    "memorysetup-gfx-thread-allocator-block-size=16777216"
    "memorysetup-cache-allocator-block-size=4194304"
    "memorysetup-typetree-allocator-block-size=2097152"
    "memorysetup-profiler-bucket-allocator-granularity=16"
    "memorysetup-profiler-bucket-allocator-bucket-count=8"
    "memorysetup-profiler-bucket-allocator-block-size=33554432"
    "memorysetup-profiler-bucket-allocator-block-count=8"
    "memorysetup-profiler-allocator-block-size=16777216"
    "memorysetup-profiler-editor-allocator-block-size=1048576"
    "memorysetup-temp-allocator-size-main=16777216"
    "memorysetup-job-temp-allocator-block-size=2097152"
    "memorysetup-job-temp-allocator-block-size-background=1048576"
    "memorysetup-job-temp-allocator-reduction-small-platforms=262144"
    "memorysetup-temp-allocator-size-background-worker=32768"
    "memorysetup-temp-allocator-size-job-worker=262144"
    "memorysetup-temp-allocator-size-preload-manager=33554432"
    "memorysetup-temp-allocator-size-nav-mesh-worker=65536"
    "memorysetup-temp-allocator-size-audio-worker=65536"
    "memorysetup-temp-allocator-size-cloud-worker=32768"
    "memorysetup-temp-allocator-size-gi-baking-worker=262144"
    "memorysetup-temp-allocator-size-gfx=262144"
Player connection [1696] Host "[IP] 192.168.8.123 [Port] 0 [Flags] 2 [Guid] 560445111 [EditorId] 560445111 [Version] 1048832 [Id] WindowsEditor(7,Sachith-Laptop) [Debug] 1 [PackageName] WindowsEditor [ProjectName] Editor" joined multi-casting on [225.0.0.222:54997]...

Player connection [1696] Host "[IP] 192.168.8.123 [Port] 0 [Flags] 2 [Guid] 560445111 [EditorId] 560445111 [Version] 1048832 [Id] WindowsEditor(7,Sachith-Laptop) [Debug] 1 [PackageName] WindowsEditor [ProjectName] Editor" joined alternative multi-casting on [225.0.0.222:34997]...

Refreshing native plugins compatible for Editor in 0.00 ms, found 0 plugins.
Preloading 0 native plugins for Editor in 0.00 ms.
Initialize engine version: 2022.2.5f1 (551d45108343)
[Subsystems] Discovering subsystems at path C:/Program Files/Unity 2022.2.5f1/Editor/Data/Resources/UnitySubsystems
[Subsystems] Discovering subsystems at path C:/Users/sachi/projects/graphics/uni/COSC44143-Assignment/05/Assets
GfxDevice: creating device client; threaded=0; jobified=0
Direct3D:
    Version:  Direct3D 11.0 [level 11.1]
    Renderer: NVIDIA GeForce MX330 (ID=0x1d16)
    Vendor:   NVIDIA
    VRAM:     1982 MB
    Driver:   31.0.15.2849
Initialize mono
Mono path[0] = 'C:/Program Files/Unity 2022.2.5f1/Editor/Data/Managed'
Mono path[1] = 'C:/Program Files/Unity 2022.2.5f1/Editor/Data/MonoBleedingEdge/lib/mono/unityjit-win32'
Mono config path = 'C:/Program Files/Unity 2022.2.5f1/Editor/Data/MonoBleedingEdge/etc'
Using monoOptions --debugger-agent=transport=dt_socket,embedding=1,server=y,suspend=n,address=127.0.0.1:56824
Begin MonoManager ReloadAssembly
Registering precompiled unity dll's ...
Register platform support module: C:/Program Files/Unity 2022.2.5f1/Editor/Data/PlaybackEngines/WindowsStandaloneSupport/UnityEditor.WindowsStandalone.Extensions.dll
Registered in 0.011283 seconds.
- Loaded All Assemblies, in  0.809 seconds
Native extension for WindowsStandalone target not found
Mono: successfully reloaded assembly
- Finished resetting the current domain, in  0.781 seconds
Domain Reload Profiling:
	ReloadAssembly (472ms)
		BeginReloadAssembly (161ms)
			ExecutionOrderSort (0ms)
			DisableScriptedObjects (0ms)
			BackupInstance (0ms)
			ReleaseScriptingObjects (0ms)
			CreateAndSetChildDomain (1ms)
		LoadAllAssembliesAndSetupDomain (0ms)
			LoadAssemblies (158ms)
			RebuildTransferFunctionScriptingTraits (0ms)
			SetupTypeCache (322ms)
				TypeCache.Initialize (321ms)
					TypeCache.ScanAssembly (317ms)
				ResolveRequiredComponents (1ms)
		FinalizeReload (0ms)
			ReleaseScriptCaches (0ms)
			RebuildScriptCaches (0ms)
			SetupLoadedEditorAssemblies (633ms)
				LogAssemblyErrors (0ms)
				InitializePlatformSupportModulesInManaged (24ms)
				SetLoadedEditorAssemblies (21ms)
				RefreshPlugins (0ms)
				BeforeProcessingInitializeOnLoad (2ms)
				ProcessInitializeOnLoadAttributes (450ms)
				ProcessInitializeOnLoadMethodAttributes (135ms)
				AfterProcessingInitializeOnLoad (0ms)
				EditorAssembliesLoaded (0ms)
			ExecutionOrderSort2 (0ms)
			AwakeInstancesAfterBackupRestoration (0ms)
========================================================================
Worker process is ready to serve import requests
Begin MonoManager ReloadAssembly
- Loaded All Assemblies, in  0.785 seconds
Refreshing native plugins compatible for Editor in 0.00 ms, found 0 plugins.
Native extension for WindowsStandalone target not found
Mono: successfully reloaded assembly
- Finished resetting the current domain, in  0.831 seconds
Domain Reload Profiling:
	ReloadAssembly (452ms)
		BeginReloadAssembly (276ms)
			ExecutionOrderSort (0ms)
			DisableScriptedObjects (14ms)
			BackupInstance (0ms)
			ReleaseScriptingObjects (0ms)
			CreateAndSetChildDomain (50ms)
		LoadAllAssembliesAndSetupDomain (329ms)
			LoadAssemblies (136ms)
			RebuildTransferFunctionScriptingTraits (0ms)
			SetupTypeCache (317ms)
				TypeCache.Initialize (316ms)
					TypeCache.ScanAssembly (311ms)
				ResolveRequiredComponents (1ms)
		FinalizeReload (0ms)
			ReleaseScriptCaches (0ms)
			RebuildScriptCaches (0ms)
			SetupLoadedEditorAssemblies (490ms)
				LogAssemblyErrors (0ms)
				InitializePlatformSupportModulesInManaged (30ms)
				SetLoadedEditorAssemblies (15ms)
				RefreshPlugins (0ms)
				BeforeProcessingInitializeOnLoad (55ms)
				ProcessInitializeOnLoadAttributes (321ms)
				ProcessInitializeOnLoadMethodAttributes (57ms)
				AfterProcessingInitializeOnLoad (12ms)
				EditorAssembliesLoaded (0ms)
			ExecutionOrderSort2 (0ms)
			AwakeInstancesAfterBackupRestoration (28ms)
Launched and connected shader compiler UnityShaderCompiler.exe after 0.12 seconds
Refreshing native plugins compatible for Editor in 0.00 ms, found 0 plugins.
Preloading 0 native plugins for Editor in 0.00 ms.
Unloading 6 Unused Serialized files (Serialized files now loaded: 0)
Unloading 3 unused Assets / (49.7 KB). Loaded Objects now: 479.
Memory consumption went from 41.2 MB to 41.2 MB.
Total: 5.838900 ms (FindLiveObjects: 0.084000 ms CreateObjectMapping: 0.008800 ms MarkObjects: 5.584100 ms  DeleteObjects: 0.159000 ms)

AssetImportParameters requested are different than current active one (requested -> active):
  custom:video-decoder-ogg-theora: a1e56fd34408186e4bbccfd4996cb3dc -> 
  custom:container-muxer-webm: aa71ff27fc2769a1b78a27578f13a17b -> 
  custom:container-demuxer-webm: 4f35f7cbe854078d1ac9338744f61a02 -> 
  custom:video-encoder-webm-vp8: eb34c28f22e8b96e1ab97ce403110664 -> 
  custom:video-codec-MediaFoundation-h265: 746d11721c4dcdbdad8f713fa42b33f4 -> 
  custom:audio-encoder-webm-vorbis: bf7c407c2cedff20999df2af8eb42d56 -> 
  custom:framework-win-MediaFoundation: 216162199b28c13a410421893ffa2e32 -> 
  custom:container-demuxer-ogg: 62fdf1f143b41e24485cea50d1cbac27 -> 
  custom:video-decoder-webm-vp8: 9c59270c3fd7afecdb556c50c9e8de78 -> 
  custom:audio-decoder-ogg-vorbis: bf7c407c2cedff20999df2af8eb42d56 -> 
  custom:AudioImporter_EditorPlatform: d09bf68614088b80899f8185d706f6e7 -> 
========================================================================
Received Import Request.
  Time since last request: 14330.549333 seconds.
  path: Assets/FBX/3DModels/scene.fbx
  artifactKey: Guid(01d6fdf4fdd2faf44a4ee52aa4d49522) Importer(815301076,1909f56bfc062723c751e8b465ee728b)
Start importing Assets/FBX/3DModels/scene.fbx using Guid(01d6fdf4fdd2faf44a4ee52aa4d49522) Importer(815301076,1909f56bfc062723c751e8b465ee728b)  -> (artifact id: '625997321d055d8152deeea273a59cf5') in 2.334631 seconds 
Number of updated asset objects reloaded before import = 0
Number of asset objects unloaded after import = 126
========================================================================
Received Import Request.
  Time since last request: 31.070198 seconds.
  path: Assets/FBX/3DModels/scene.fbx
  artifactKey: Guid(01d6fdf4fdd2faf44a4ee52aa4d49522) Importer(815301076,1909f56bfc062723c751e8b465ee728b)
Start importing Assets/FBX/3DModels/scene.fbx using Guid(01d6fdf4fdd2faf44a4ee52aa4d49522) Importer(815301076,1909f56bfc062723c751e8b465ee728b)  -> (artifact id: '1335f29cd410f637fe1b77c5a99aa5db') in 0.404348 seconds 
Number of updated asset objects reloaded before import = 0
Number of asset objects unloaded after import = 126
========================================================================
Received Import Request.
  Time since last request: 51.521160 seconds.
  path: Assets/FBX/3DModels/scene.fbx
  artifactKey: Guid(01d6fdf4fdd2faf44a4ee52aa4d49522) Importer(815301076,1909f56bfc062723c751e8b465ee728b)
Start importing Assets/FBX/3DModels/scene.fbx using Guid(01d6fdf4fdd2faf44a4ee52aa4d49522) Importer(815301076,1909f56bfc062723c751e8b465ee728b)  -> (artifact id: '45e37397ad41d1fc350e4f56149241fd') in 0.980053 seconds 
Number of updated asset objects reloaded before import = 0
Number of asset objects unloaded after import = 126
========================================================================
Received Import Request.
  Time since last request: 0.000067 seconds.
  path: Assets/FBX/3DModels/Material.008.mat
  artifactKey: Guid(7ec6dbf5a5a173f4da4c0e7df1ee22c9) Importer(815301076,1909f56bfc062723c751e8b465ee728b)
Start importing Assets/FBX/3DModels/Material.008.mat using Guid(7ec6dbf5a5a173f4da4c0e7df1ee22c9) Importer(815301076,1909f56bfc062723c751e8b465ee728b)  -> (artifact id: '964791249e9e89b5ac4c9ec11f27ab88') in 0.038857 seconds 
Number of updated asset objects reloaded before import = 0
Number of asset objects unloaded after import = 1
========================================================================
Received Import Request.
  Time since last request: 0.000066 seconds.
  path: Assets/FBX/3DModels/Material.mat
  artifactKey: Guid(b3ebd7a166cb93540a350abd021974b7) Importer(815301076,1909f56bfc062723c751e8b465ee728b)
Start importing Assets/FBX/3DModels/Material.mat using Guid(b3ebd7a166cb93540a350abd021974b7) Importer(815301076,1909f56bfc062723c751e8b465ee728b)  -> (artifact id: '6e3866237d281ea97486642df9c411f4') in 0.040454 seconds 
Number of updated asset objects reloaded before import = 0
Number of asset objects unloaded after import = 1
========================================================================
Received Import Request.
  Time since last request: 0.000050 seconds.
  path: Assets/FBX/3DModels/Material.005.mat
  artifactKey: Guid(150308456c5380344927046ecfadb838) Importer(815301076,1909f56bfc062723c751e8b465ee728b)
Start importing Assets/FBX/3DModels/Material.005.mat using Guid(150308456c5380344927046ecfadb838) Importer(815301076,1909f56bfc062723c751e8b465ee728b)  -> (artifact id: '6582988ba44393003338ac98592b1725') in 0.031637 seconds 
Number of updated asset objects reloaded before import = 0
Number of asset objects unloaded after import = 1
========================================================================
Received Import Request.
  Time since last request: 0.000048 seconds.
  path: Assets/FBX/3DModels/Material.007.mat
  artifactKey: Guid(ab34c78501e25564ca281aab34526b07) Importer(815301076,1909f56bfc062723c751e8b465ee728b)
Start importing Assets/FBX/3DModels/Material.007.mat using Guid(ab34c78501e25564ca281aab34526b07) Importer(815301076,1909f56bfc062723c751e8b465ee728b)  -> (artifact id: '42f0334a9a1fe1b7df76bfbbf043b82e') in 0.039426 seconds 
Number of updated asset objects reloaded before import = 0
Number of asset objects unloaded after import = 1
========================================================================
Received Import Request.
  Time since last request: 0.000048 seconds.
  path: Assets/FBX/3DModels/Material.006.mat
  artifactKey: Guid(0b4562727b6d5554a88d40c1bf72a130) Importer(815301076,1909f56bfc062723c751e8b465ee728b)
Start importing Assets/FBX/3DModels/Material.006.mat using Guid(0b4562727b6d5554a88d40c1bf72a130) Importer(815301076,1909f56bfc062723c751e8b465ee728b)  -> (artifact id: 'ac2cf4bddb80a08a2ea0d55b565085c8') in 0.037128 seconds 
Number of updated asset objects reloaded before import = 0
Number of asset objects unloaded after import = 1
========================================================================
Received Import Request.
  Time since last request: 0.000039 seconds.
  path: Assets/FBX/3DModels/Material.001.mat
  artifactKey: Guid(2ddd41eba9d50a94284c641c15fac2a2) Importer(815301076,1909f56bfc062723c751e8b465ee728b)
Start importing Assets/FBX/3DModels/Material.001.mat using Guid(2ddd41eba9d50a94284c641c15fac2a2) Importer(815301076,1909f56bfc062723c751e8b465ee728b)  -> (artifact id: 'e741a93122a52d3a88de1f3710faae6a') in 0.033917 seconds 
Number of updated asset objects reloaded before import = 0
Number of asset objects unloaded after import = 1
========================================================================
Received Import Request.
  Time since last request: 175.098055 seconds.
  path: Assets/FBX/3DModels/scene.fbx
  artifactKey: Guid(01d6fdf4fdd2faf44a4ee52aa4d49522) Importer(815301076,1909f56bfc062723c751e8b465ee728b)
Start importing Assets/FBX/3DModels/scene.fbx using Guid(01d6fdf4fdd2faf44a4ee52aa4d49522) Importer(815301076,1909f56bfc062723c751e8b465ee728b)  -> (artifact id: '01d890cffcff317832ac10e11d6b0881') in 0.618382 seconds 
Number of updated asset objects reloaded before import = 0
Number of asset objects unloaded after import = 126
========================================================================
Received Import Request.
  Time since last request: 1.695476 seconds.
  path: Assets/FBX/3DModels/textures/859269586502c9d70db5d208d4065b2d.jpg
  artifactKey: Guid(99a939cf9ffa8ec468ff6cad07ef17a3) Importer(815301076,1909f56bfc062723c751e8b465ee728b)
Start importing Assets/FBX/3DModels/textures/859269586502c9d70db5d208d4065b2d.jpg using Guid(99a939cf9ffa8ec468ff6cad07ef17a3) Importer(815301076,1909f56bfc062723c751e8b465ee728b)  -> (artifact id: '02767d2ef34902818693e9672016ea0a') in 0.083372 seconds 
Number of updated asset objects reloaded before import = 0
Number of asset objects unloaded after import = 2
========================================================================
Received Import Request.
  Time since last request: 0.000097 seconds.
  path: Assets/FBX/3DModels/textures/Concrete_Base_02_Height.jpg
  artifactKey: Guid(3cc9972c7374bf74ba041f21388635f9) Importer(815301076,1909f56bfc062723c751e8b465ee728b)
Start importing Assets/FBX/3DModels/textures/Concrete_Base_02_Height.jpg using Guid(3cc9972c7374bf74ba041f21388635f9) Importer(815301076,1909f56bfc062723c751e8b465ee728b)  -> (artifact id: 'e221898dd69f8fce35eb5ec683c983c4') in 0.042961 seconds 
Number of updated asset objects reloaded before import = 0
Number of asset objects unloaded after import = 2
========================================================================
Received Import Request.
  Time since last request: 0.000038 seconds.
  path: Assets/FBX/3DModels/textures/Satori_Driftwood.jpg.560x560_q80_crop-smart_upscale.jpg
  artifactKey: Guid(f03e0c670e602854f83255fd47803bcb) Importer(815301076,1909f56bfc062723c751e8b465ee728b)
Start importing Assets/FBX/3DModels/textures/Satori_Driftwood.jpg.560x560_q80_crop-smart_upscale.jpg using Guid(f03e0c670e602854f83255fd47803bcb) Importer(815301076,1909f56bfc062723c751e8b465ee728b)  -> (artifact id: '604f52aeb9aea6542f40557c44aa0962') in 0.038261 seconds 
Number of updated asset objects reloaded before import = 0
Number of asset objects unloaded after import = 2
========================================================================
Received Import Request.
  Time since last request: 0.000106 seconds.
  path: Assets/FBX/3DModels/textures/Concrete_Base_02_Roughness.jpg
  artifactKey: Guid(51819e8461a6fd842b290ad0ef21623f) Importer(815301076,1909f56bfc062723c751e8b465ee728b)
Start importing Assets/FBX/3DModels/textures/Concrete_Base_02_Roughness.jpg using Guid(51819e8461a6fd842b290ad0ef21623f) Importer(815301076,1909f56bfc062723c751e8b465ee728b)  -> (artifact id: '0b18fabef1f74a497353508cb04cf116') in 0.025701 seconds 
Number of updated asset objects reloaded before import = 0
Number of asset objects unloaded after import = 2
========================================================================
Received Import Request.
  Time since last request: 0.000108 seconds.
  path: Assets/FBX/3DModels/textures/R.png
  artifactKey: Guid(daa8129287e5ce34a861c634fd97223d) Importer(815301076,1909f56bfc062723c751e8b465ee728b)
Start importing Assets/FBX/3DModels/textures/R.png using Guid(daa8129287e5ce34a861c634fd97223d) Importer(815301076,1909f56bfc062723c751e8b465ee728b)  -> (artifact id: '74dd0aea9f11f3bbb891817ffcc40a94') in 0.027413 seconds 
Number of updated asset objects reloaded before import = 0
Number of asset objects unloaded after import = 2
========================================================================
Received Import Request.
  Time since last request: 0.000037 seconds.
  path: Assets/FBX/3DModels/textures/vm_v4_049_wrinkles_normal.jpg
  artifactKey: Guid(2195518bfc5431a4ebe014b6bd088d9e) Importer(815301076,1909f56bfc062723c751e8b465ee728b)
Start importing Assets/FBX/3DModels/textures/vm_v4_049_wrinkles_normal.jpg using Guid(2195518bfc5431a4ebe014b6bd088d9e) Importer(815301076,1909f56bfc062723c751e8b465ee728b)  -> (artifact id: 'fec12e3571db9c66d70ae1252b5ee627') in 0.035726 seconds 
Number of updated asset objects reloaded before import = 0
Number of asset objects unloaded after import = 2
========================================================================
Received Import Request.
  Time since last request: 0.000024 seconds.
  path: Assets/FBX/3DModels/textures
  artifactKey: Guid(1c86445ecc6cdc245b15c07c92bacea1) Importer(815301076,1909f56bfc062723c751e8b465ee728b)
Start importing Assets/FBX/3DModels/textures using Guid(1c86445ecc6cdc245b15c07c92bacea1) Importer(815301076,1909f56bfc062723c751e8b465ee728b)  -> (artifact id: '220befa3d895f4321caef8ef0cbccc84') in 0.001409 seconds 
Number of updated asset objects reloaded before import = 0
Number of asset objects unloaded after import = 0
========================================================================
Received Import Request.
  Time since last request: 0.000157 seconds.
  path: Assets/FBX/3DModels/textures/Concrete_Base_02_Normal.jpg
  artifactKey: Guid(6531b21c6ddbc044cb9b1e7863bd04a4) Importer(815301076,1909f56bfc062723c751e8b465ee728b)
Start importing Assets/FBX/3DModels/textures/Concrete_Base_02_Normal.jpg using Guid(6531b21c6ddbc044cb9b1e7863bd04a4) Importer(815301076,1909f56bfc062723c751e8b465ee728b)  -> (artifact id: 'fde4f8b1339d2f064908f24c2adc7d6e') in 0.047258 seconds 
Number of updated asset objects reloaded before import = 0
Number of asset objects unloaded after import = 2
========================================================================
Received Import Request.
  Time since last request: 0.000071 seconds.
  path: Assets/FBX/3DModels/textures/kloppenheim_01_2k.hdr
  artifactKey: Guid(65736b63958b8c04fa01fc7a8a34fad5) Importer(815301076,1909f56bfc062723c751e8b465ee728b)
Start importing Assets/FBX/3DModels/textures/kloppenheim_01_2k.hdr using Guid(65736b63958b8c04fa01fc7a8a34fad5) Importer(815301076,1909f56bfc062723c751e8b465ee728b)  -> (artifact id: 'bc1e32d0ad67ae9d15b61260bdcb7264') in 0.038648 seconds 
Number of updated asset objects reloaded before import = 0
Number of asset objects unloaded after import = 2
